/usr/sbin/mysqld, Version: 8.1.0 (MySQL Community Server - GPL). started with:
Tcp port: 3306  Unix socket: /var/run/mysqld/mysqld.sock
Time                 Id Command    Argument
2024-11-09T23:38:07.081896+09:00	    0 Execute	CREATE TABLE performance_schema.innodb_redo_log_files(
`FILE_ID` BIGINT NOT NULL COMMENT 'Id of the file.',
`FILE_NAME` VARCHAR(2000) NOT NULL COMMENT 'Path to the file.',
`START_LSN` BIGINT NOT NULL COMMENT 'LSN of the first block in the file.',
`END_LSN` BIGINT NOT NULL COMMENT 'LSN after the last block in the file.',
`SIZE_IN_BYTES` BIGINT NOT NULL COMMENT 'Size of the file (in bytes).',
`IS_FULL` TINYINT NOT NULL COMMENT '1 iff file has no free space inside.',
`CONSUMER_LEVEL` INT NOT NULL COMMENT 'All redo log consumers registered on smaller levels than this value, have already consumed this file.'
)engine = 'performance_schema'
/usr/sbin/mysqld, Version: 8.1.0 (MySQL Community Server - GPL). started with:
Tcp port: 3306  Unix socket: /var/run/mysqld/mysqld.sock
Time                 Id Command    Argument
2024-11-09T23:44:24.670255+09:00	    0 Execute	CREATE TABLE performance_schema.innodb_redo_log_files(
`FILE_ID` BIGINT NOT NULL COMMENT 'Id of the file.',
`FILE_NAME` VARCHAR(2000) NOT NULL COMMENT 'Path to the file.',
`START_LSN` BIGINT NOT NULL COMMENT 'LSN of the first block in the file.',
`END_LSN` BIGINT NOT NULL COMMENT 'LSN after the last block in the file.',
`SIZE_IN_BYTES` BIGINT NOT NULL COMMENT 'Size of the file (in bytes).',
`IS_FULL` TINYINT NOT NULL COMMENT '1 iff file has no free space inside.',
`CONSUMER_LEVEL` INT NOT NULL COMMENT 'All redo log consumers registered on smaller levels than this value, have already consumed this file.'
)engine = 'performance_schema'
/usr/sbin/mysqld, Version: 8.1.0 (MySQL Community Server - GPL). started with:
Tcp port: 3306  Unix socket: /var/run/mysqld/mysqld.sock
Time                 Id Command    Argument
2024-11-09T23:47:01.977264+09:00	    0 Execute	CREATE TABLE performance_schema.innodb_redo_log_files(
`FILE_ID` BIGINT NOT NULL COMMENT 'Id of the file.',
`FILE_NAME` VARCHAR(2000) NOT NULL COMMENT 'Path to the file.',
`START_LSN` BIGINT NOT NULL COMMENT 'LSN of the first block in the file.',
`END_LSN` BIGINT NOT NULL COMMENT 'LSN after the last block in the file.',
`SIZE_IN_BYTES` BIGINT NOT NULL COMMENT 'Size of the file (in bytes).',
`IS_FULL` TINYINT NOT NULL COMMENT '1 iff file has no free space inside.',
`CONSUMER_LEVEL` INT NOT NULL COMMENT 'All redo log consumers registered on smaller levels than this value, have already consumed this file.'
)engine = 'performance_schema'
/usr/sbin/mysqld, Version: 8.1.0 (MySQL Community Server - GPL). started with:
Tcp port: 3306  Unix socket: /var/run/mysqld/mysqld.sock
Time                 Id Command    Argument
2024-11-09T23:50:41.269423+09:00	    0 Execute	CREATE TABLE performance_schema.innodb_redo_log_files(
`FILE_ID` BIGINT NOT NULL COMMENT 'Id of the file.',
`FILE_NAME` VARCHAR(2000) NOT NULL COMMENT 'Path to the file.',
`START_LSN` BIGINT NOT NULL COMMENT 'LSN of the first block in the file.',
`END_LSN` BIGINT NOT NULL COMMENT 'LSN after the last block in the file.',
`SIZE_IN_BYTES` BIGINT NOT NULL COMMENT 'Size of the file (in bytes).',
`IS_FULL` TINYINT NOT NULL COMMENT '1 iff file has no free space inside.',
`CONSUMER_LEVEL` INT NOT NULL COMMENT 'All redo log consumers registered on smaller levels than this value, have already consumed this file.'
)engine = 'performance_schema'
